[backblue.gif]
[fade.gif]
[index.html]
[html5.gamedistribution.com/rvvASMiM/0140599dec0645229f039926e9ae168c/TemplateData/jquery-3.5.1.min.js]
[html5.gamedistribution.com/rvvASMiM/0140599dec0645229f039926e9ae168c/TemplateData/UnityProgress.js]
[html5.gamedistribution.com/rvvASMiM/0140599dec0645229f039926e9ae168c/index4e81.html]
[html5.gamedistribution.com/rvvASMiM/0140599dec0645229f039926e9ae168c/Build/UnityLoader.js]
[html5.gamedistribution.com/rvvASMiM/0140599dec0645229f039926e9ae168c/TemplateData/background.jpg]
[html5.gamedistribution.com/rvvASMiM/0140599dec0645229f039926e9ae168c/TemplateData/progressEmpty.png]
[html5.gamedistribution.com/rvvASMiM/0140599dec0645229f039926e9ae168c/TemplateData/progressFull.png]
[html5.gamedistribution.com/rvvASMiM/0140599dec0645229f039926e9ae168c/TemplateData/style.css]
[html5.gamedistribution.com/rvvASMiM/0140599dec0645229f039926e9ae168c/TemplateData/jquery-3.5.1.min.js]
[html5.gamedistribution.com/rvvASMiM/0140599dec0645229f039926e9ae168c/TemplateData/UnityProgress.js]
[html5.gamedistribution.com/rvvASMiM/0140599dec0645229f039926e9ae168c/TemplateData/PositionProgress.js]
[html5.gamedistribution.com/rvvASMiM/0140599dec0645229f039926e9ae168c/GET]
[html5.gamedistribution.com/rvvASMiM/0140599dec0645229f039926e9ae168c/HEAD]
[html5.gamedistribution.com/rvvASMiM/0140599dec0645229f039926e9ae168c/Build/UnityLoader.js]
[html5.gamedistribution.com/rvvASMiM/0140599dec0645229f039926e9ae168c/TemplateData/PositionProgress.js]
[html5.gamedistribution.com/rvvASMiM/0140599dec0645229f039926e9ae168c/ABCDEFGHIJKLMNOPQRSTUVWXYZabcdefghijklmnopqrstuvwxyz0123456789+/index.html]
[html5.gamedistribution.com/rvvASMiM/0140599dec0645229f039926e9ae168c/inflate.js]
[html5.gamedistribution.com/rvvASMiM/0140599dec0645229f039926e9ae168c/dictionary.bin.js]
[html5.gamedistribution.com/rvvASMiM/0140599dec0645229f039926e9ae168c/decompress.js]
[html5.gamedistribution.com/rvvASMiM/0140599dec0645229f039926e9ae168c/Trident/index.html]
